Jun 27, 2021 6:44:36 PM com.proj.crawler.CrawlerInvocation invokeCrawler
INFO: Crawler Wrapper Initated
Jun 27, 2021 6:44:36 PM com.proj.crawler.CrawlerInvocation getPropValues
INFO: properties file path C:\Raja\Eclipse_work\WebCrawler\target
Jun 27, 2021 6:44:36 PM com.proj.crawler.CrawlerInvocation getPropValues
INFO: To search for text England
Jun 27, 2021 6:44:36 PM com.proj.crawler.CrawlerInvocation getPropValues
INFO: Search results will be updated in C:\Users\rajai\OneDrive\Desktop\sample\output.txt
Jun 27, 2021 6:44:36 PM com.proj.crawler.CrawlerInvocation invokeCrawler
INFO: Before invocation of crawler
Jun 27, 2021 6:44:36 PM com.proj.crawler.Extractor getPageLinks
INFO: >> Depth: 0 [http://www.cricbuzz.com]
Jun 27, 2021 6:44:37 PM com.proj.crawler.Extractor getPageLinks
INFO: Found (217) links
Jun 27, 2021 6:44:37 PM com.proj.crawler.Extractor getPageLinks
INFO: >> Depth: 1 [https://plus.google.com/104502282508811467249]
Jun 27, 2021 6:44:38 PM com.proj.crawler.Extractor getPageLinks
INFO: Found (4) links
Jun 27, 2021 6:44:38 PM com.proj.crawler.Extractor getPageLinks
INFO: >> Depth: 0 [http://www.cricinfo.com]
Jun 27, 2021 6:44:38 PM com.proj.crawler.Extractor getPageLinks
INFO: Found (293) links
Jun 27, 2021 6:44:38 PM com.proj.crawler.Extractor getPageLinks
INFO: >> Depth: 1 [https://www.espncricinfo.com/series/india-women-tour-of-england-2021-1260086/england-women-vs-india-women-1st-odi-1260094/live-cricket-score]
Jun 27, 2021 6:44:38 PM com.proj.crawler.Extractor getPageLinks
INFO: Found (175) links
Jun 27, 2021 6:44:38 PM com.proj.crawler.Extractor getPageLinks
INFO: >> Depth: 0 [http://www.google.com]
Jun 27, 2021 6:44:38 PM com.proj.crawler.Extractor getPageLinks
INFO: Found (19) links
Jun 27, 2021 6:44:38 PM com.proj.crawler.Extractor getPageLinks
INFO: >> Depth: 1 [https://mail.google.com/mail/&ogbl]
Jun 27, 2021 6:44:39 PM com.proj.crawler.Extractor getPageLinks
INFO: Found (4) links
Jun 28, 2021 10:30:06 AM com.proj.crawler.CrawlerInvocation invokeCrawler
INFO: Crawler Wrapper Initated
Jun 28, 2021 10:30:06 AM com.proj.crawler.CrawlerInvocation getPropValues
INFO: properties file path C:\Raja\Eclipse_work\WebCrawler\target
Jun 28, 2021 10:30:06 AM com.proj.crawler.CrawlerInvocation getPropValues
INFO: To search for text England
Jun 28, 2021 10:30:06 AM com.proj.crawler.CrawlerInvocation getPropValues
INFO: Search results will be updated in C:\Users\rajai\OneDrive\Desktop\sample\output.txt
Jun 28, 2021 10:30:06 AM com.proj.crawler.CrawlerInvocation invokeCrawler
INFO: Before invocation of crawler
Jun 28, 2021 10:30:06 AM com.proj.crawler.Extractor getPageLinks
INFO: >> Depth: 0 [http://www.cricbuzz.com]
Jun 28, 2021 10:30:07 AM com.proj.crawler.Extractor getPageLinks
INFO: Found (200) links
Jun 28, 2021 10:30:07 AM com.proj.crawler.Extractor getPageLinks
INFO: >> Depth: 1 [https://plus.google.com/104502282508811467249]
Jun 28, 2021 10:30:08 AM com.proj.crawler.Extractor getPageLinks
INFO: Found (4) links
Jun 28, 2021 10:30:08 AM com.proj.crawler.Extractor getPageLinks
INFO: >> Depth: 0 [http://www.cricinfo.com]
Jun 28, 2021 10:30:08 AM com.proj.crawler.Extractor getPageLinks
INFO: Found (283) links
Jun 28, 2021 10:30:08 AM com.proj.crawler.Extractor getPageLinks
INFO: >> Depth: 1 [https://www.espncricinfo.com/series/south-africa-tour-of-west-indies-2021-1263140/west-indies-vs-south-africa-2nd-t20i-1263152/full-scorecard]
Jun 28, 2021 10:30:09 AM com.proj.crawler.Extractor getPageLinks
INFO: Found (217) links
Jun 28, 2021 10:30:09 AM com.proj.crawler.Extractor getPageLinks
INFO: >> Depth: 0 [http://www.google.com]
Jun 28, 2021 10:30:09 AM com.proj.crawler.Extractor getPageLinks
INFO: Found (19) links
Jun 28, 2021 10:30:09 AM com.proj.crawler.Extractor getPageLinks
INFO: >> Depth: 1 [https://mail.google.com/mail/&ogbl]
Jun 28, 2021 10:30:09 AM com.proj.crawler.Extractor getPageLinks
INFO: Found (4) links
Jun 28, 2021 10:32:48 AM com.proj.crawler.CrawlerInvocation invokeCrawler
INFO: Crawler Wrapper Initated
Jun 28, 2021 10:32:48 AM com.proj.crawler.CrawlerInvocation getPropValues
INFO: properties file path C:\Raja\Eclipse_work\WebCrawler\target
Jun 28, 2021 10:32:48 AM com.proj.crawler.CrawlerInvocation getPropValues
INFO: To search for text England
Jun 28, 2021 10:32:48 AM com.proj.crawler.CrawlerInvocation getPropValues
INFO: Search results will be updated in C:\Users\rajai\OneDrive\Desktop\sample\output.txt
Jun 28, 2021 10:32:48 AM com.proj.crawler.CrawlerInvocation invokeCrawler
INFO: Before invocation of crawler
Jun 28, 2021 10:32:48 AM com.proj.crawler.Extractor getPageLinks
INFO: >> Depth: 0 [http://www.cricbuzz.com]
Jun 28, 2021 10:32:49 AM com.proj.crawler.Extractor getPageLinks
INFO: Found (200) links
Jun 28, 2021 10:32:49 AM com.proj.crawler.Extractor getPageLinks
INFO: >> Depth: 1 [https://plus.google.com/104502282508811467249]
Jun 28, 2021 10:32:49 AM com.proj.crawler.Extractor getPageLinks
INFO: Found (4) links
Jun 28, 2021 10:32:49 AM com.proj.crawler.Extractor getPageLinks
INFO: >> Depth: 0 [http://www.cricinfo.com]
Jun 28, 2021 10:32:49 AM com.proj.crawler.Extractor getPageLinks
INFO: Found (283) links
Jun 28, 2021 10:32:49 AM com.proj.crawler.Extractor getPageLinks
INFO: >> Depth: 1 [https://www.espncricinfo.com/series/south-africa-tour-of-west-indies-2021-1263140/west-indies-vs-south-africa-2nd-t20i-1263152/full-scorecard]
Jun 28, 2021 10:32:49 AM com.proj.crawler.Extractor getPageLinks
INFO: Found (217) links
Jun 28, 2021 10:32:49 AM com.proj.crawler.CrawlerInvocation invokeCrawler
INFO: Before searching and storing the results for given text
